[      72ms] [LOG] Angular is running in development mode. @ http://localhost:4200/@fs/Users/davidreynapineda/Documents/Proyecto%20desarrollo/codigo/frontend/almacenes/.angular/cache/21.2.14/almacenes/vite/deps/chunk-KDRVKD3Y.js?v=d3bb7404:11231
[  310840ms] [ERROR] Failed to load resource: the server responded with a status of 409 () @ http://localhost:8080/api/v1/inventory/products:0
[  380257ms] [ERROR] Failed to load resource: the server responded with a status of 409 () @ http://localhost:8080/api/v1/inventory/products:0
[ 1396636ms] [LOG] [vite] server connection lost. Polling for restart... @ http://localhost:4200/@vite/client:864
[ 1396767ms] [LOG] Angular is running in development mode. @ http://localhost:4200/@fs/Users/davidreynapineda/Documents/Proyecto%20desarrollo/codigo/frontend/almacenes/.angular/cache/21.2.14/almacenes/vite/deps/chunk-KDRVKD3Y.js?v=d3bb7404:11231
[10568390ms] [LOG] [vite] server connection lost. Polling for restart... @ http://localhost:4200/@vite/client:864
[10568588ms] [LOG] Angular is running in development mode. @ http://localhost:4200/@fs/Users/davidreynapineda/Documents/Proyecto%20desarrollo/codigo/frontend/almacenes/.angular/cache/21.2.14/almacenes/vite/deps/chunk-KDRVKD3Y.js?v=d3bb7404:11231
[55460434ms] [LOG] [vite] server connection lost. Polling for restart... @ http://localhost:4200/@vite/client:864
[55460563ms] [LOG] Angular is running in development mode. @ http://localhost:4200/@fs/Users/davidreynapineda/Documents/Proyecto%20desarrollo/codigo/frontend/almacenes/.angular/cache/21.2.14/almacenes/vite/deps/chunk-KDRVKD3Y.js?v=d3bb7404:11231
[59376383ms] [LOG] [vite] server connection lost. Polling for restart... @ http://localhost:4200/@vite/client:864
[59376457ms] [LOG] Angular is running in development mode. @ http://localhost:4200/@fs/Users/davidreynapineda/Documents/Proyecto%20desarrollo/codigo/frontend/almacenes/.angular/cache/21.2.14/almacenes/vite/deps/chunk-KDRVKD3Y.js?v=d3bb7404:11231
[64281891ms] [ERROR] WebSocket connection to 'ws://localhost:4200/?token=PYYz94QLfsEJ' failed:  @ http://localhost:4200/@vite/client:744
[64281892ms] [LOG] [vite] server connection lost. Polling for restart... @ http://localhost:4200/@vite/client:864
[64285587ms] [LOG] Angular is running in development mode. @ http://localhost:4200/@fs/Users/davidreynapineda/Documents/Proyecto%20desarrollo/codigo/frontend/almacenes/.angular/cache/21.2.14/almacenes/vite/deps/chunk-KDRVKD3Y.js?v=d3bb7404:11231
[64985756ms] [LOG] Angular is running in development mode. @ http://localhost:4200/@fs/Users/davidreynapineda/Documents/Proyecto%20desarrollo/codigo/frontend/almacenes/.angular/cache/21.2.14/almacenes/vite/deps/chunk-KDRVKD3Y.js?v=d3bb7404:11231
[64998310ms] [LOG] Angular is running in development mode. @ http://localhost:4200/@fs/Users/davidreynapineda/Documents/Proyecto%20desarrollo/codigo/frontend/almacenes/.angular/cache/21.2.14/almacenes/vite/deps/chunk-KDRVKD3Y.js?v=d3bb7404:11231
[65247323ms] [LOG] Angular is running in development mode. @ http://localhost:4200/@fs/Users/davidreynapineda/Documents/Proyecto%20desarrollo/codigo/frontend/almacenes/.angular/cache/21.2.14/almacenes/vite/deps/chunk-KDRVKD3Y.js?v=d3bb7404:11231
[65518671ms] [LOG] Angular is running in development mode. @ http://localhost:4200/@fs/Users/davidreynapineda/Documents/Proyecto%20desarrollo/codigo/frontend/almacenes/.angular/cache/21.2.14/almacenes/vite/deps/chunk-KDRVKD3Y.js?v=d3bb7404:11231
[65520723ms] [LOG] Angular is running in development mode. @ http://localhost:4200/@fs/Users/davidreynapineda/Documents/Proyecto%20desarrollo/codigo/frontend/almacenes/.angular/cache/21.2.14/almacenes/vite/deps/chunk-KDRVKD3Y.js?v=d3bb7404:11231
[65533071ms] [LOG] Angular is running in development mode. @ http://localhost:4200/@fs/Users/davidreynapineda/Documents/Proyecto%20desarrollo/codigo/frontend/almacenes/.angular/cache/21.2.14/almacenes/vite/deps/chunk-KDRVKD3Y.js?v=d3bb7404:11231
[65588882ms] [LOG] Angular is running in development mode. @ http://localhost:4200/@fs/Users/davidreynapineda/Documents/Proyecto%20desarrollo/codigo/frontend/almacenes/.angular/cache/21.2.14/almacenes/vite/deps/chunk-KDRVKD3Y.js?v=d3bb7404:11231
[65588922ms] [ERROR] ERROR RuntimeError: NG0100: ExpressionChangedAfterItHasBeenCheckedError: Expression has changed after it was checked. Previous value: 'false'. Current value: 'true'. Expression location: _MainLayoutComponent component. Find more at https://v21.angular.dev/errors/NG0100
    at throwErrorIfNoChangesMode (http://localhost:4200/@fs/Users/davidreynapineda/Documents/Proyecto%20desarrollo/codigo/frontend/almacenes/.angular/cache/21.2.14/almacenes/vite/deps/chunk-KDRVKD3Y.js?v=d3bb7404:3821:9)
    at bindingUpdated (http://localhost:4200/@fs/Users/davidreynapineda/Documents/Proyecto%20desarrollo/codigo/frontend/almacenes/.angular/cache/21.2.14/almacenes/vite/deps/chunk-KDRVKD3Y.js?v=d3bb7404:8435:9)
    at checkStylingProperty (http://localhost:4200/@fs/Users/davidreynapineda/Documents/Proyecto%20desarrollo/codigo/frontend/almacenes/.angular/cache/21.2.14/almacenes/vite/deps/chunk-KDRVKD3Y.js?v=d3bb7404:16191:30)
    at Module.ɵɵclassProp (http://localhost:4200/@fs/Users/davidreynapineda/Documents/Proyecto%20desarrollo/codigo/frontend/almacenes/.angular/cache/21.2.14/almacenes/vite/deps/chunk-KDRVKD3Y.js?v=d3bb7404:16165:3)
    at MainLayoutComponent_Template (http://localhost:4200/main.js:637:11)
    at executeTemplate (http://localhost:4200/@fs/Users/davidreynapineda/Documents/Proyecto%20desarrollo/codigo/frontend/almacenes/.angular/cache/21.2.14/almacenes/vite/deps/chunk-KDRVKD3Y.js?v=d3bb7404:5343:5)
    at refreshView (http://localhost:4200/@fs/Users/davidreynapineda/Documents/Proyecto%20desarrollo/codigo/frontend/almacenes/.angular/cache/21.2.14/almacenes/vite/deps/chunk-KDRVKD3Y.js?v=d3bb7404:6007:7)
    at detectChangesInView (http://localhost:4200/@fs/Users/davidreynapineda/Documents/Proyecto%20desarrollo/codigo/frontend/almacenes/.angular/cache/21.2.14/almacenes/vite/deps/chunk-KDRVKD3Y.js?v=d3bb7404:6147:5)
    at detectChangesInViewIfAttached (http://localhost:4200/@fs/Users/davidreynapineda/Documents/Proyecto%20desarrollo/codigo/frontend/almacenes/.angular/cache/21.2.14/almacenes/vite/deps/chunk-KDRVKD3Y.js?v=d3bb7404:6130:3)
    at detectChangesInComponent (http://localhost:4200/@fs/Users/davidreynapineda/Documents/Proyecto%20desarrollo/codigo/frontend/almacenes/.angular/cache/21.2.14/almacenes/vite/deps/chunk-KDRVKD3Y.js?v=d3bb7404:6121:5) @ http://localhost:4200/@fs/Users/davidreynapineda/Documents/Proyecto%20desarrollo/codigo/frontend/almacenes/.angular/cache/21.2.14/almacenes/vite/deps/chunk-QTYF2Q3W.js?v=d3bb7404:3169
[65607636ms] [LOG] Angular is running in development mode. @ http://localhost:4200/@fs/Users/davidreynapineda/Documents/Proyecto%20desarrollo/codigo/frontend/almacenes/.angular/cache/21.2.14/almacenes/vite/deps/chunk-KDRVKD3Y.js?v=d3bb7404:11231
[65607664ms] [ERROR] ERROR RuntimeError: NG0100: ExpressionChangedAfterItHasBeenCheckedError: Expression has changed after it was checked. Previous value: 'false'. Current value: 'true'. Expression location: _MainLayoutComponent component. Find more at https://v21.angular.dev/errors/NG0100
    at throwErrorIfNoChangesMode (http://localhost:4200/@fs/Users/davidreynapineda/Documents/Proyecto%20desarrollo/codigo/frontend/almacenes/.angular/cache/21.2.14/almacenes/vite/deps/chunk-KDRVKD3Y.js?v=d3bb7404:3821:9)
    at bindingUpdated (http://localhost:4200/@fs/Users/davidreynapineda/Documents/Proyecto%20desarrollo/codigo/frontend/almacenes/.angular/cache/21.2.14/almacenes/vite/deps/chunk-KDRVKD3Y.js?v=d3bb7404:8435:9)
    at checkStylingProperty (http://localhost:4200/@fs/Users/davidreynapineda/Documents/Proyecto%20desarrollo/codigo/frontend/almacenes/.angular/cache/21.2.14/almacenes/vite/deps/chunk-KDRVKD3Y.js?v=d3bb7404:16191:30)
    at Module.ɵɵclassProp (http://localhost:4200/@fs/Users/davidreynapineda/Documents/Proyecto%20desarrollo/codigo/frontend/almacenes/.angular/cache/21.2.14/almacenes/vite/deps/chunk-KDRVKD3Y.js?v=d3bb7404:16165:3)
    at MainLayoutComponent_Template (http://localhost:4200/main.js:637:11)
    at executeTemplate (http://localhost:4200/@fs/Users/davidreynapineda/Documents/Proyecto%20desarrollo/codigo/frontend/almacenes/.angular/cache/21.2.14/almacenes/vite/deps/chunk-KDRVKD3Y.js?v=d3bb7404:5343:5)
    at refreshView (http://localhost:4200/@fs/Users/davidreynapineda/Documents/Proyecto%20desarrollo/codigo/frontend/almacenes/.angular/cache/21.2.14/almacenes/vite/deps/chunk-KDRVKD3Y.js?v=d3bb7404:6007:7)
    at detectChangesInView (http://localhost:4200/@fs/Users/davidreynapineda/Documents/Proyecto%20desarrollo/codigo/frontend/almacenes/.angular/cache/21.2.14/almacenes/vite/deps/chunk-KDRVKD3Y.js?v=d3bb7404:6147:5)
    at detectChangesInViewIfAttached (http://localhost:4200/@fs/Users/davidreynapineda/Documents/Proyecto%20desarrollo/codigo/frontend/almacenes/.angular/cache/21.2.14/almacenes/vite/deps/chunk-KDRVKD3Y.js?v=d3bb7404:6130:3)
    at detectChangesInComponent (http://localhost:4200/@fs/Users/davidreynapineda/Documents/Proyecto%20desarrollo/codigo/frontend/almacenes/.angular/cache/21.2.14/almacenes/vite/deps/chunk-KDRVKD3Y.js?v=d3bb7404:6121:5) @ http://localhost:4200/@fs/Users/davidreynapineda/Documents/Proyecto%20desarrollo/codigo/frontend/almacenes/.angular/cache/21.2.14/almacenes/vite/deps/chunk-QTYF2Q3W.js?v=d3bb7404:3169
[65814443ms] [LOG] Angular is running in development mode. @ http://localhost:4200/@fs/Users/davidreynapineda/Documents/Proyecto%20desarrollo/codigo/frontend/almacenes/.angular/cache/21.2.14/almacenes/vite/deps/chunk-KDRVKD3Y.js?v=d3bb7404:11231
[65820030ms] [ERROR] ERROR RuntimeError: NG0100: ExpressionChangedAfterItHasBeenCheckedError: Expression has changed after it was checked. Previous value: 'false'. Current value: 'true'. Expression location: _MainLayoutComponent component. Find more at https://v21.angular.dev/errors/NG0100
    at throwErrorIfNoChangesMode (http://localhost:4200/@fs/Users/davidreynapineda/Documents/Proyecto%20desarrollo/codigo/frontend/almacenes/.angular/cache/21.2.14/almacenes/vite/deps/chunk-KDRVKD3Y.js?v=d3bb7404:3821:9)
    at bindingUpdated (http://localhost:4200/@fs/Users/davidreynapineda/Documents/Proyecto%20desarrollo/codigo/frontend/almacenes/.angular/cache/21.2.14/almacenes/vite/deps/chunk-KDRVKD3Y.js?v=d3bb7404:8435:9)
    at checkStylingProperty (http://localhost:4200/@fs/Users/davidreynapineda/Documents/Proyecto%20desarrollo/codigo/frontend/almacenes/.angular/cache/21.2.14/almacenes/vite/deps/chunk-KDRVKD3Y.js?v=d3bb7404:16191:30)
    at Module.ɵɵclassProp (http://localhost:4200/@fs/Users/davidreynapineda/Documents/Proyecto%20desarrollo/codigo/frontend/almacenes/.angular/cache/21.2.14/almacenes/vite/deps/chunk-KDRVKD3Y.js?v=d3bb7404:16165:3)
    at MainLayoutComponent_Template (http://localhost:4200/main.js:637:11)
    at executeTemplate (http://localhost:4200/@fs/Users/davidreynapineda/Documents/Proyecto%20desarrollo/codigo/frontend/almacenes/.angular/cache/21.2.14/almacenes/vite/deps/chunk-KDRVKD3Y.js?v=d3bb7404:5343:5)
    at refreshView (http://localhost:4200/@fs/Users/davidreynapineda/Documents/Proyecto%20desarrollo/codigo/frontend/almacenes/.angular/cache/21.2.14/almacenes/vite/deps/chunk-KDRVKD3Y.js?v=d3bb7404:6007:7)
    at detectChangesInView (http://localhost:4200/@fs/Users/davidreynapineda/Documents/Proyecto%20desarrollo/codigo/frontend/almacenes/.angular/cache/21.2.14/almacenes/vite/deps/chunk-KDRVKD3Y.js?v=d3bb7404:6147:5)
    at detectChangesInViewIfAttached (http://localhost:4200/@fs/Users/davidreynapineda/Documents/Proyecto%20desarrollo/codigo/frontend/almacenes/.angular/cache/21.2.14/almacenes/vite/deps/chunk-KDRVKD3Y.js?v=d3bb7404:6130:3)
    at detectChangesInComponent (http://localhost:4200/@fs/Users/davidreynapineda/Documents/Proyecto%20desarrollo/codigo/frontend/almacenes/.angular/cache/21.2.14/almacenes/vite/deps/chunk-KDRVKD3Y.js?v=d3bb7404:6121:5) @ http://localhost:4200/@fs/Users/davidreynapineda/Documents/Proyecto%20desarrollo/codigo/frontend/almacenes/.angular/cache/21.2.14/almacenes/vite/deps/chunk-QTYF2Q3W.js?v=d3bb7404:3169
