[      94ms] [LOG] Angular is running in development mode. @ http://localhost:4200/@fs/Users/davidreynapineda/Documents/Proyecto%20desarrollo/codigo/frontend/almacenes/.angular/cache/21.2.14/almacenes/vite/deps/chunk-KDRVKD3Y.js?v=d3bb7404:11231
[     134ms] [ERROR] ERROR RuntimeError: NG0100: ExpressionChangedAfterItHasBeenCheckedError: Expression has changed after it was checked. Previous value: 'false'. Current value: 'true'. Expression location: _MainLayoutComponent component. Find more at https://v21.angular.dev/errors/NG0100
    at throwErrorIfNoChangesMode (http://localhost:4200/@fs/Users/davidreynapineda/Documents/Proyecto%20desarrollo/codigo/frontend/almacenes/.angular/cache/21.2.14/almacenes/vite/deps/chunk-KDRVKD3Y.js?v=d3bb7404:3821:9)
    at bindingUpdated (http://localhost:4200/@fs/Users/davidreynapineda/Documents/Proyecto%20desarrollo/codigo/frontend/almacenes/.angular/cache/21.2.14/almacenes/vite/deps/chunk-KDRVKD3Y.js?v=d3bb7404:8435:9)
    at checkStylingProperty (http://localhost:4200/@fs/Users/davidreynapineda/Documents/Proyecto%20desarrollo/codigo/frontend/almacenes/.angular/cache/21.2.14/almacenes/vite/deps/chunk-KDRVKD3Y.js?v=d3bb7404:16191:30)
    at Module.ɵɵclassProp (http://localhost:4200/@fs/Users/davidreynapineda/Documents/Proyecto%20desarrollo/codigo/frontend/almacenes/.angular/cache/21.2.14/almacenes/vite/deps/chunk-KDRVKD3Y.js?v=d3bb7404:16165:3)
    at MainLayoutComponent_Template (http://localhost:4200/main.js:637:11)
    at executeTemplate (http://localhost:4200/@fs/Users/davidreynapineda/Documents/Proyecto%20desarrollo/codigo/frontend/almacenes/.angular/cache/21.2.14/almacenes/vite/deps/chunk-KDRVKD3Y.js?v=d3bb7404:5343:5)
    at refreshView (http://localhost:4200/@fs/Users/davidreynapineda/Documents/Proyecto%20desarrollo/codigo/frontend/almacenes/.angular/cache/21.2.14/almacenes/vite/deps/chunk-KDRVKD3Y.js?v=d3bb7404:6007:7)
    at detectChangesInView (http://localhost:4200/@fs/Users/davidreynapineda/Documents/Proyecto%20desarrollo/codigo/frontend/almacenes/.angular/cache/21.2.14/almacenes/vite/deps/chunk-KDRVKD3Y.js?v=d3bb7404:6147:5)
    at detectChangesInViewIfAttached (http://localhost:4200/@fs/Users/davidreynapineda/Documents/Proyecto%20desarrollo/codigo/frontend/almacenes/.angular/cache/21.2.14/almacenes/vite/deps/chunk-KDRVKD3Y.js?v=d3bb7404:6130:3)
    at detectChangesInComponent (http://localhost:4200/@fs/Users/davidreynapineda/Documents/Proyecto%20desarrollo/codigo/frontend/almacenes/.angular/cache/21.2.14/almacenes/vite/deps/chunk-KDRVKD3Y.js?v=d3bb7404:6121:5) @ http://localhost:4200/@fs/Users/davidreynapineda/Documents/Proyecto%20desarrollo/codigo/frontend/almacenes/.angular/cache/21.2.14/almacenes/vite/deps/chunk-QTYF2Q3W.js?v=d3bb7404:3169
[   29080ms] [LOG] Angular is running in development mode. @ http://localhost:4200/@fs/Users/davidreynapineda/Documents/Proyecto%20desarrollo/codigo/frontend/almacenes/.angular/cache/21.2.14/almacenes/vite/deps/chunk-KDRVKD3Y.js?v=d3bb7404:11231
[   29111ms] [ERROR] ERROR RuntimeError: NG0100: ExpressionChangedAfterItHasBeenCheckedError: Expression has changed after it was checked. Previous value: 'false'. Current value: 'true'. Expression location: _MainLayoutComponent component. Find more at https://v21.angular.dev/errors/NG0100
    at throwErrorIfNoChangesMode (http://localhost:4200/@fs/Users/davidreynapineda/Documents/Proyecto%20desarrollo/codigo/frontend/almacenes/.angular/cache/21.2.14/almacenes/vite/deps/chunk-KDRVKD3Y.js?v=d3bb7404:3821:9)
    at bindingUpdated (http://localhost:4200/@fs/Users/davidreynapineda/Documents/Proyecto%20desarrollo/codigo/frontend/almacenes/.angular/cache/21.2.14/almacenes/vite/deps/chunk-KDRVKD3Y.js?v=d3bb7404:8435:9)
    at checkStylingProperty (http://localhost:4200/@fs/Users/davidreynapineda/Documents/Proyecto%20desarrollo/codigo/frontend/almacenes/.angular/cache/21.2.14/almacenes/vite/deps/chunk-KDRVKD3Y.js?v=d3bb7404:16191:30)
    at Module.ɵɵclassProp (http://localhost:4200/@fs/Users/davidreynapineda/Documents/Proyecto%20desarrollo/codigo/frontend/almacenes/.angular/cache/21.2.14/almacenes/vite/deps/chunk-KDRVKD3Y.js?v=d3bb7404:16165:3)
    at MainLayoutComponent_Template (http://localhost:4200/main.js:637:11)
    at executeTemplate (http://localhost:4200/@fs/Users/davidreynapineda/Documents/Proyecto%20desarrollo/codigo/frontend/almacenes/.angular/cache/21.2.14/almacenes/vite/deps/chunk-KDRVKD3Y.js?v=d3bb7404:5343:5)
    at refreshView (http://localhost:4200/@fs/Users/davidreynapineda/Documents/Proyecto%20desarrollo/codigo/frontend/almacenes/.angular/cache/21.2.14/almacenes/vite/deps/chunk-KDRVKD3Y.js?v=d3bb7404:6007:7)
    at detectChangesInView (http://localhost:4200/@fs/Users/davidreynapineda/Documents/Proyecto%20desarrollo/codigo/frontend/almacenes/.angular/cache/21.2.14/almacenes/vite/deps/chunk-KDRVKD3Y.js?v=d3bb7404:6147:5)
    at detectChangesInViewIfAttached (http://localhost:4200/@fs/Users/davidreynapineda/Documents/Proyecto%20desarrollo/codigo/frontend/almacenes/.angular/cache/21.2.14/almacenes/vite/deps/chunk-KDRVKD3Y.js?v=d3bb7404:6130:3)
    at detectChangesInComponent (http://localhost:4200/@fs/Users/davidreynapineda/Documents/Proyecto%20desarrollo/codigo/frontend/almacenes/.angular/cache/21.2.14/almacenes/vite/deps/chunk-KDRVKD3Y.js?v=d3bb7404:6121:5) @ http://localhost:4200/@fs/Users/davidreynapineda/Documents/Proyecto%20desarrollo/codigo/frontend/almacenes/.angular/cache/21.2.14/almacenes/vite/deps/chunk-QTYF2Q3W.js?v=d3bb7404:3169
